# JRE version: OpenJDK Runtime Environment Temurin-21.0.3+9 (21.0.3+9) (build 21.0.3+9-LTS)
# Java VM: OpenJDK 64-Bit Server VM Temurin-21.0.3+9 (21.0.3+9-LTS, mixed mode, emulated-client, sharing, tiered, compressed oops, compressed class ptrs, g1 gc, windows-amd64)
GC Precious Log:
 CardTable entry size: 512
 Card Set container configuration: InlinePtr #cards 5 size 8 Array Of Cards #cards 12 size 40 Howl #buckets 4 coarsen threshold 1843 Howl Bitmap #cards 512 size 80 coarsen threshold 460 Card regions per heap region 1 cards per card region 2048
 CPUs: 16 total, 16 available
 Memory: 32421M
 Large Page Support: Disabled
 NUMA Support: Disabled
 Compressed Oops: Enabled (32-bit)
 Heap Region Size: 1M
 Heap Min Capacity: 8M
 Heap Initial Capacity: 508M
 Heap Max Capacity: 512M
 Pre-touch: Disabled
 Parallel Workers: 13
 Concurrent Workers: 3
 Concurrent Refinement Workers: 13
 Periodic GC: Disabled
Heap:
 garbage-first heap   total 122880K, used 94774K [0x00000000e0000000, 0x0000000100000000)
  region size 1024K, 45 young (46080K), 4 survivors (4096K)
 Metaspace       used 99197K, committed 100544K, reserved 1179648K
  class space    used 13473K, committed 14080K, reserved 1048576K
GC Heap History (20 events):
Event: 2688.886 GC heap before
{Heap before GC invocations=112 (full 6):
 garbage-first heap   total 119808K, used 99960K [0x00000000e0000000, 0x0000000100000000)
  region size 1024K, 62 young (63488K), 5 survivors (5120K)
 Metaspace       used 98693K, committed 99776K, reserved 1179648K
  class space    used 13439K, committed 13952K, reserved 1048576K
}
Event: 2688.889 GC heap after
{Heap after GC invocations=113 (full 6):
 garbage-first heap   total 119808K, used 43549K [0x00000000e0000000, 0x0000000100000000)
  region size 1024K, 7 young (7168K), 7 survivors (7168K)
 Metaspace       used 98693K, committed 99776K, reserved 1179648K
  class space    used 13439K, committed 13952K, reserved 1048576K
}
Event: 2689.134 GC heap before
{Heap before GC invocations=113 (full 6):
 garbage-first heap   total 119808K, used 101917K [0x00000000e0000000, 0x0000000100000000)
  region size 1024K, 64 young (65536K), 7 survivors (7168K)
 Metaspace       used 99100K, committed 100224K, reserved 1179648K
  class space    used 13481K, committed 14016K, reserved 1048576K
}
Event: 2689.138 GC heap after
{Heap after GC invocations=114 (full 6):
 garbage-first heap   total 119808K, used 48433K [0x00000000e0000000, 0x0000000100000000)
  region size 1024K, 7 young (7168K), 7 survivors (7168K)
 Metaspace       used 99100K, committed 100224K, reserved 1179648K
  class space    used 13481K, committed 14016K, reserved 1048576K
}
Event: 2689.157 GC heap before
{Heap before GC invocations=114 (full 6):
 garbage-first heap   total 119808K, used 74033K [0x00000000e0000000, 0x0000000100000000)
  region size 1024K, 34 young (34816K), 7 survivors (7168K)
 Metaspace       used 99100K, committed 100224K, reserved 1179648K
  class space    used 13481K, committed 14016K, reserved 1048576K
}
Event: 2689.161 GC heap after
{Heap after GC invocations=115 (full 6):
 garbage-first heap   total 119808K, used 52796K [0x00000000e0000000, 0x0000000100000000)
  region size 1024K, 8 young (8192K), 8 survivors (8192K)
 Metaspace       used 99100K, committed 100224K, reserved 1179648K
  class space    used 13481K, committed 14016K, reserved 1048576K
}
Event: 2689.246 GC heap before
{Heap before GC invocations=116 (full 6):
 garbage-first heap   total 122880K, used 101948K [0x00000000e0000000, 0x0000000100000000)
  region size 1024K, 55 young (56320K), 8 survivors (8192K)
 Metaspace       used 99098K, committed 100224K, reserved 1179648K
  class space    used 13482K, committed 14016K, reserved 1048576K
}
Event: 2689.249 GC heap after
{Heap after GC invocations=117 (full 6):
 garbage-first heap   total 122880K, used 55934K [0x00000000e0000000, 0x0000000100000000)
  region size 1024K, 7 young (7168K), 7 survivors (7168K)
 Metaspace       used 99098K, committed 100224K, reserved 1179648K
  class space    used 13482K, committed 14016K, reserved 1048576K
}
Event: 2689.362 GC heap before
{Heap before GC invocations=117 (full 6):
 garbage-first heap   total 122880K, used 103038K [0x00000000e0000000, 0x0000000100000000)
  region size 1024K, 53 young (54272K), 7 survivors (7168K)
 Metaspace       used 99109K, committed 100224K, reserved 1179648K
  class space    used 13484K, committed 14016K, reserved 1048576K
}
Event: 2689.364 GC heap after
{Heap after GC invocations=118 (full 6):
 garbage-first heap   total 122880K, used 50059K [0x00000000e0000000, 0x0000000100000000)
  region size 1024K, 2 young (2048K), 2 survivors (2048K)
 Metaspace       used 99109K, committed 100224K, reserved 1179648K
  class space    used 13484K, committed 14016K, reserved 1048576K
}
Event: 2689.888 GC heap before
{Heap before GC invocations=118 (full 6):
 garbage-first heap   total 122880K, used 105355K [0x00000000e0000000, 0x0000000100000000)
  region size 1024K, 56 young (57344K), 2 survivors (2048K)
 Metaspace       used 99172K, committed 100288K, reserved 1179648K
  class space    used 13493K, committed 14016K, reserved 1048576K
}
Event: 2689.890 GC heap after
{Heap after GC invocations=119 (full 6):
 garbage-first heap   total 122880K, used 51538K [0x00000000e0000000, 0x0000000100000000)
  region size 1024K, 3 young (3072K), 3 survivors (3072K)
 Metaspace       used 99172K, committed 100288K, reserved 1179648K
  class space    used 13493K, committed 14016K, reserved 1048576K
}
Event: 2695.757 GC heap before
{Heap before GC invocations=120 (full 6):
 garbage-first heap   total 122880K, used 61778K [0x00000000e0000000, 0x0000000100000000)
  region size 1024K, 15 young (15360K), 3 survivors (3072K)
 Metaspace       used 99229K, committed 100480K, reserved 1179648K
  class space    used 13482K, committed 14080K, reserved 1048576K
}
Event: 2695.759 GC heap after
{Heap after GC invocations=121 (full 6):
 garbage-first heap   total 122880K, used 50840K [0x00000000e0000000, 0x0000000100000000)
  region size 1024K, 4 young (4096K), 4 survivors (4096K)
 Metaspace       used 99229K, committed 100480K, reserved 1179648K
  class space    used 13482K, committed 14080K, reserved 1048576K
}
Event: 2775.683 GC heap before
{Heap before GC invocations=122 (full 6):
 garbage-first heap   total 122880K, used 113304K [0x00000000e0000000, 0x0000000100000000)
  region size 1024K, 60 young (61440K), 4 survivors (4096K)
 Metaspace       used 99398K, committed 100544K, reserved 1179648K
  class space    used 13522K, committed 14080K, reserved 1048576K
}
Event: 2775.691 GC heap after
{Heap after GC invocations=123 (full 6):
 garbage-first heap   total 122880K, used 53072K [0x00000000e0000000, 0x0000000100000000)
  region size 1024K, 6 young (6144K), 6 survivors (6144K)
 Metaspace       used 99398K, committed 100544K, reserved 1179648K
  class space    used 13522K, committed 14080K, reserved 1048576K
}
Event: 3021.465 GC heap before
{Heap before GC invocations=123 (full 6):
 garbage-first heap   total 122880K, used 108368K [0x00000000e0000000, 0x0000000100000000)
  region size 1024K, 60 young (61440K), 6 survivors (6144K)
 Metaspace       used 99398K, committed 100544K, reserved 1179648K
  class space    used 13522K, committed 14080K, reserved 1048576K
}
Event: 3021.472 GC heap after
{Heap after GC invocations=124 (full 6):
 garbage-first heap   total 122880K, used 50384K [0x00000000e0000000, 0x0000000100000000)
  region size 1024K, 3 young (3072K), 3 survivors (3072K)
 Metaspace       used 99398K, committed 100544K, reserved 1179648K
  class space    used 13522K, committed 14080K, reserved 1048576K
}
Event: 3110.114 GC heap before
{Heap before GC invocations=124 (full 6):
 garbage-first heap   total 122880K, used 78032K [0x00000000e0000000, 0x0000000100000000)
  region size 1024K, 32 young (32768K), 3 survivors (3072K)
 Metaspace       used 99398K, committed 100544K, reserved 1179648K
  class space    used 13522K, committed 14080K, reserved 1048576K
}
Event: 3110.116 GC heap after
{Heap after GC invocations=125 (full 6):
 garbage-first heap   total 122880K, used 51766K [0x00000000e0000000, 0x0000000100000000)
  region size 1024K, 4 young (4096K), 4 survivors (4096K)
 Metaspace       used 99398K, committed 100544K, reserved 1179648K
  class space    used 13522K, committed 14080K, reserved 1048576K
}

