# JRE version: OpenJDK Runtime Environment Temurin-21.0.3+9 (21.0.3+9) (build 21.0.3+9-LTS)
# Java VM: OpenJDK 64-Bit Server VM Temurin-21.0.3+9 (21.0.3+9-LTS, mixed mode, emulated-client, sharing, tiered, compressed oops, compressed class ptrs, g1 gc, windows-amd64)
GC Precious Log:
 CardTable entry size: 512
 Card Set container configuration: InlinePtr #cards 4 size 8 Array Of Cards #cards 32 size 80 Howl #buckets 8 coarsen threshold 7372 Howl Bitmap #cards 1024 size 144 coarsen threshold 921 Card regions per heap region 1 cards per card region 8192
 CPUs: 16 total, 16 available
 Memory: 32421M
 Large Page Support: Disabled
 NUMA Support: Disabled
 Compressed Oops: Enabled (Zero based)
 Heap Region Size: 4M
 Heap Min Capacity: 8M
 Heap Initial Capacity: 508M
 Heap Max Capacity: 8108M
 Pre-touch: Disabled
 Parallel Workers: 13
 Concurrent Workers: 3
 Concurrent Refinement Workers: 13
 Periodic GC: Disabled
Heap:
 garbage-first heap   total 192512K, used 70267K [0x0000000605400000, 0x0000000800000000)
  region size 4096K, 10 young (40960K), 3 survivors (12288K)
 Metaspace       used 88336K, committed 89344K, reserved 1179648K
  class space    used 12602K, committed 13056K, reserved 1048576K
GC Heap History (20 events):
Event: 2.979 GC heap before
{Heap before GC invocations=13 (full 0):
 garbage-first heap   total 311296K, used 122321K [0x0000000605400000, 0x0000000800000000)
  region size 4096K, 27 young (110592K), 2 survivors (8192K)
 Metaspace       used 46341K, committed 47040K, reserved 1114112K
  class space    used 6389K, committed 6720K, reserved 1048576K
}
Event: 2.985 GC heap after
{Heap after GC invocations=14 (full 0):
 garbage-first heap   total 311296K, used 26518K [0x0000000605400000, 0x0000000800000000)
  region size 4096K, 2 young (8192K), 2 survivors (8192K)
 Metaspace       used 46341K, committed 47040K, reserved 1114112K
  class space    used 6389K, committed 6720K, reserved 1048576K
}
Event: 3.273 GC heap before
{Heap before GC invocations=15 (full 0):
 garbage-first heap   total 110592K, used 83862K [0x0000000605400000, 0x0000000800000000)
  region size 4096K, 16 young (65536K), 2 survivors (8192K)
 Metaspace       used 51637K, committed 52288K, reserved 1114112K
  class space    used 7076K, committed 7360K, reserved 1048576K
}
Event: 3.277 GC heap after
{Heap after GC invocations=16 (full 0):
 garbage-first heap   total 110592K, used 27678K [0x0000000605400000, 0x0000000800000000)
  region size 4096K, 2 young (8192K), 2 survivors (8192K)
 Metaspace       used 51637K, committed 52288K, reserved 1114112K
  class space    used 7076K, committed 7360K, reserved 1048576K
}
Event: 3.547 GC heap before
{Heap before GC invocations=16 (full 0):
 garbage-first heap   total 110592K, used 80926K [0x0000000605400000, 0x0000000800000000)
  region size 4096K, 16 young (65536K), 2 survivors (8192K)
 Metaspace       used 57770K, committed 58432K, reserved 1114112K
  class space    used 7966K, committed 8256K, reserved 1048576K
}
Event: 3.552 GC heap after
{Heap after GC invocations=17 (full 0):
 garbage-first heap   total 110592K, used 28824K [0x0000000605400000, 0x0000000800000000)
  region size 4096K, 2 young (8192K), 2 survivors (8192K)
 Metaspace       used 57770K, committed 58432K, reserved 1114112K
  class space    used 7966K, committed 8256K, reserved 1048576K
}
Event: 3.836 GC heap before
{Heap before GC invocations=17 (full 0):
 garbage-first heap   total 110592K, used 86168K [0x0000000605400000, 0x0000000800000000)
  region size 4096K, 16 young (65536K), 2 survivors (8192K)
 Metaspace       used 62091K, committed 62784K, reserved 1114112K
  class space    used 8721K, committed 9024K, reserved 1048576K
}
Event: 3.841 GC heap after
{Heap after GC invocations=18 (full 0):
 garbage-first heap   total 315392K, used 30336K [0x0000000605400000, 0x0000000800000000)
  region size 4096K, 1 young (4096K), 1 survivors (4096K)
 Metaspace       used 62091K, committed 62784K, reserved 1114112K
  class space    used 8721K, committed 9024K, reserved 1048576K
}
Event: 4.655 GC heap before
{Heap before GC invocations=18 (full 0):
 garbage-first heap   total 315392K, used 214656K [0x0000000605400000, 0x0000000800000000)
  region size 4096K, 46 young (188416K), 1 survivors (4096K)
 Metaspace       used 72397K, committed 73152K, reserved 1114112K
  class space    used 10318K, committed 10624K, reserved 1048576K
}
Event: 4.661 GC heap after
{Heap after GC invocations=19 (full 0):
 garbage-first heap   total 315392K, used 35286K [0x0000000605400000, 0x0000000800000000)
  region size 4096K, 3 young (12288K), 3 survivors (12288K)
 Metaspace       used 72397K, committed 73152K, reserved 1114112K
  class space    used 10318K, committed 10624K, reserved 1048576K
}
Event: 5.238 GC heap before
{Heap before GC invocations=19 (full 0):
 garbage-first heap   total 315392K, used 207318K [0x0000000605400000, 0x0000000800000000)
  region size 4096K, 46 young (188416K), 3 survivors (12288K)
 Metaspace       used 77044K, committed 78016K, reserved 1179648K
  class space    used 10925K, committed 11392K, reserved 1048576K
}
Event: 5.242 GC heap after
{Heap after GC invocations=20 (full 0):
 garbage-first heap   total 315392K, used 39044K [0x0000000605400000, 0x0000000800000000)
  region size 4096K, 4 young (16384K), 4 survivors (16384K)
 Metaspace       used 77044K, committed 78016K, reserved 1179648K
  class space    used 10925K, committed 11392K, reserved 1048576K
}
Event: 5.267 GC heap before
{Heap before GC invocations=20 (full 0):
 garbage-first heap   total 315392K, used 51332K [0x0000000605400000, 0x0000000800000000)
  region size 4096K, 8 young (32768K), 4 survivors (16384K)
 Metaspace       used 77050K, committed 78016K, reserved 1179648K
  class space    used 10927K, committed 11392K, reserved 1048576K
}
Event: 5.273 GC heap after
{Heap after GC invocations=21 (full 0):
 garbage-first heap   total 315392K, used 40253K [0x0000000605400000, 0x0000000800000000)
  region size 4096K, 4 young (16384K), 4 survivors (16384K)
 Metaspace       used 77050K, committed 78016K, reserved 1179648K
  class space    used 10927K, committed 11392K, reserved 1048576K
}
Event: 5.683 GC heap before
{Heap before GC invocations=22 (full 0):
 garbage-first heap   total 274432K, used 183613K [0x0000000605400000, 0x0000000800000000)
  region size 4096K, 40 young (163840K), 4 survivors (16384K)
 Metaspace       used 79309K, committed 80256K, reserved 1179648K
  class space    used 11349K, committed 11776K, reserved 1048576K
}
Event: 5.692 GC heap after
{Heap after GC invocations=23 (full 0):
 garbage-first heap   total 274432K, used 41765K [0x0000000605400000, 0x0000000800000000)
  region size 4096K, 3 young (12288K), 3 survivors (12288K)
 Metaspace       used 79309K, committed 80256K, reserved 1179648K
  class space    used 11349K, committed 11776K, reserved 1048576K
}
Event: 22.020 GC heap before
{Heap before GC invocations=23 (full 0):
 garbage-first heap   total 274432K, used 131877K [0x0000000605400000, 0x0000000800000000)
  region size 4096K, 27 young (110592K), 3 survivors (12288K)
 Metaspace       used 84175K, committed 85120K, reserved 1179648K
  class space    used 12029K, committed 12480K, reserved 1048576K
}
Event: 22.026 GC heap after
{Heap after GC invocations=24 (full 0):
 garbage-first heap   total 274432K, used 43606K [0x0000000605400000, 0x0000000800000000)
  region size 4096K, 3 young (12288K), 3 survivors (12288K)
 Metaspace       used 84175K, committed 85120K, reserved 1179648K
  class space    used 12029K, committed 12480K, reserved 1048576K
}
Event: 101.690 GC heap before
{Heap before GC invocations=25 (full 0):
 garbage-first heap   total 192512K, used 141910K [0x0000000605400000, 0x0000000800000000)
  region size 4096K, 28 young (114688K), 3 survivors (12288K)
 Metaspace       used 88204K, committed 89216K, reserved 1179648K
  class space    used 12576K, committed 13056K, reserved 1048576K
}
Event: 101.701 GC heap after
{Heap after GC invocations=26 (full 0):
 garbage-first heap   total 192512K, used 45691K [0x0000000605400000, 0x0000000800000000)
  region size 4096K, 3 young (12288K), 3 survivors (12288K)
 Metaspace       used 88204K, committed 89216K, reserved 1179648K
  class space    used 12576K, committed 13056K, reserved 1048576K
}

